{
    "meta": {
        "version": "6.4.2",
        "timestamp": "2022-07-15T20:16:18.368642",
        "branch_coverage": false,
        "show_contexts": false
    },
    "files": {
        "manage.py": {
            "executed_lines": [
                2,
                3,
                5,
                6,
                7,
                8,
                15
            ],
            "summary": {
                "covered_lines": 7,
                "num_statements": 9,
                "percent_covered": 77.77777777777777,
                "percent_covered_display": "78",
                "missing_lines": 2,
                "excluded_lines": 0
            },
            "missing_lines": [
                9,
                10
            ],
            "excluded_lines": []
        },
        "myproject/__init__.py": {
            "executed_lines": [
                1
            ],
            "summary": {
                "covered_lines": 0,
                "num_statements": 0,
                "percent_covered": 100.0,
                "percent_covered_display": "100",
                "missing_lines": 0,
                "excluded_lines": 0
            },
            "missing_lines": [],
            "excluded_lines": []
        },
        "myproject/settings.py": {
            "executed_lines": [
                1,
                13,
                16,
                23,
                26,
                28,
                33,
                44,
                54,
                56,
                72,
                78,
                89,
                108,
                110,
                112,
                114,
                116,
                122
            ],
            "summary": {
                "covered_lines": 18,
                "num_statements": 18,
                "percent_covered": 100.0,
                "percent_covered_display": "100",
                "missing_lines": 0,
                "excluded_lines": 0
            },
            "missing_lines": [],
            "excluded_lines": []
        },
        "myproject/urls.py": {
            "executed_lines": [
                1,
                2,
                4
            ],
            "summary": {
                "covered_lines": 3,
                "num_statements": 3,
                "percent_covered": 100.0,
                "percent_covered_display": "100",
                "missing_lines": 0,
                "excluded_lines": 0
            },
            "missing_lines": [],
            "excluded_lines": []
        },
        "pages/__init__.py": {
            "executed_lines": [
                1
            ],
            "summary": {
                "covered_lines": 0,
                "num_statements": 0,
                "percent_covered": 100.0,
                "percent_covered_display": "100",
                "missing_lines": 0,
                "excluded_lines": 0
            },
            "missing_lines": [],
            "excluded_lines": []
        },
        "pages/admin.py": {
            "executed_lines": [
                1
            ],
            "summary": {
                "covered_lines": 1,
                "num_statements": 1,
                "percent_covered": 100.0,
                "percent_covered_display": "100",
                "missing_lines": 0,
                "excluded_lines": 0
            },
            "missing_lines": [],
            "excluded_lines": []
        },
        "pages/apps.py": {
            "executed_lines": [
                1,
                4,
                5
            ],
            "summary": {
                "covered_lines": 3,
                "num_statements": 3,
                "percent_covered": 100.0,
                "percent_covered_display": "100",
                "missing_lines": 0,
                "excluded_lines": 0
            },
            "missing_lines": [],
            "excluded_lines": []
        },
        "pages/migrations/__init__.py": {
            "executed_lines": [
                1
            ],
            "summary": {
                "covered_lines": 0,
                "num_statements": 0,
                "percent_covered": 100.0,
                "percent_covered_display": "100",
                "missing_lines": 0,
                "excluded_lines": 0
            },
            "missing_lines": [],
            "excluded_lines": []
        },
        "pages/models.py": {
            "executed_lines": [
                1
            ],
            "summary": {
                "covered_lines": 1,
                "num_statements": 1,
                "percent_covered": 100.0,
                "percent_covered_display": "100",
                "missing_lines": 0,
                "excluded_lines": 0
            },
            "missing_lines": [],
            "excluded_lines": []
        },
        "pages/tests.py": {
            "executed_lines": [
                1,
                2,
                3,
                5,
                8,
                10,
                11,
                12,
                14,
                15,
                16,
                18,
                19,
                20,
                21,
                23,
                24,
                25,
                27,
                28,
                29,
                33,
                35,
                36,
                37,
                39,
                40,
                41,
                43,
                44,
                45,
                46,
                48,
                49,
                50,
                52,
                53,
                54
            ],
            "summary": {
                "covered_lines": 38,
                "num_statements": 38,
                "percent_covered": 100.0,
                "percent_covered_display": "100",
                "missing_lines": 0,
                "excluded_lines": 0
            },
            "missing_lines": [],
            "excluded_lines": []
        },
        "pages/urls.py": {
            "executed_lines": [
                1,
                3,
                5
            ],
            "summary": {
                "covered_lines": 3,
                "num_statements": 3,
                "percent_covered": 100.0,
                "percent_covered_display": "100",
                "missing_lines": 0,
                "excluded_lines": 0
            },
            "missing_lines": [],
            "excluded_lines": []
        },
        "pages/views.py": {
            "executed_lines": [
                1,
                4,
                5,
                8,
                9
            ],
            "summary": {
                "covered_lines": 5,
                "num_statements": 5,
                "percent_covered": 100.0,
                "percent_covered_display": "100",
                "missing_lines": 0,
                "excluded_lines": 0
            },
            "missing_lines": [],
            "excluded_lines": []
        },
        "posts/__init__.py": {
            "executed_lines": [
                1
            ],
            "summary": {
                "covered_lines": 0,
                "num_statements": 0,
                "percent_covered": 100.0,
                "percent_covered_display": "100",
                "missing_lines": 0,
                "excluded_lines": 0
            },
            "missing_lines": [],
            "excluded_lines": []
        },
        "posts/admin.py": {
            "executed_lines": [
                1,
                3,
                5
            ],
            "summary": {
                "covered_lines": 3,
                "num_statements": 3,
                "percent_covered": 100.0,
                "percent_covered_display": "100",
                "missing_lines": 0,
                "excluded_lines": 0
            },
            "missing_lines": [],
            "excluded_lines": []
        },
        "posts/apps.py": {
            "executed_lines": [
                1,
                4,
                5
            ],
            "summary": {
                "covered_lines": 3,
                "num_statements": 3,
                "percent_covered": 100.0,
                "percent_covered_display": "100",
                "missing_lines": 0,
                "excluded_lines": 0
            },
            "missing_lines": [],
            "excluded_lines": []
        },
        "posts/migrations/0001_initial.py": {
            "executed_lines": [
                3,
                6,
                8,
                10,
                13
            ],
            "summary": {
                "covered_lines": 5,
                "num_statements": 5,
                "percent_covered": 100.0,
                "percent_covered_display": "100",
                "missing_lines": 0,
                "excluded_lines": 0
            },
            "missing_lines": [],
            "excluded_lines": []
        },
        "posts/migrations/__init__.py": {
            "executed_lines": [
                1
            ],
            "summary": {
                "covered_lines": 0,
                "num_statements": 0,
                "percent_covered": 100.0,
                "percent_covered_display": "100",
                "missing_lines": 0,
                "excluded_lines": 0
            },
            "missing_lines": [],
            "excluded_lines": []
        },
        "posts/models.py": {
            "executed_lines": [
                1,
                4,
                5,
                7
            ],
            "summary": {
                "covered_lines": 4,
                "num_statements": 5,
                "percent_covered": 80.0,
                "percent_covered_display": "80",
                "missing_lines": 1,
                "excluded_lines": 0
            },
            "missing_lines": [
                9
            ],
            "excluded_lines": []
        },
        "posts/tests.py": {
            "executed_lines": [
                1,
                2,
                4,
                7,
                9,
                10,
                12,
                13,
                14,
                15,
                17,
                18,
                19,
                20,
                21
            ],
            "summary": {
                "covered_lines": 15,
                "num_statements": 15,
                "percent_covered": 100.0,
                "percent_covered_display": "100",
                "missing_lines": 0,
                "excluded_lines": 0
            },
            "missing_lines": [],
            "excluded_lines": []
        },
        "posts/urls.py": {
            "executed_lines": [
                1,
                3,
                5
            ],
            "summary": {
                "covered_lines": 3,
                "num_statements": 3,
                "percent_covered": 100.0,
                "percent_covered_display": "100",
                "missing_lines": 0,
                "excluded_lines": 0
            },
            "missing_lines": [],
            "excluded_lines": []
        },
        "posts/views.py": {
            "executed_lines": [
                1,
                2,
                5,
                6,
                7
            ],
            "summary": {
                "covered_lines": 5,
                "num_statements": 5,
                "percent_covered": 100.0,
                "percent_covered_display": "100",
                "missing_lines": 0,
                "excluded_lines": 0
            },
            "missing_lines": [],
            "excluded_lines": []
        }
    },
    "totals": {
        "covered_lines": 117,
        "num_statements": 120,
        "percent_covered": 97.5,
        "percent_covered_display": "98",
        "missing_lines": 3,
        "excluded_lines": 0
    }
}